<?xml version="1.0" encoding="UTF-8"?>
<!-- Generated by org.testng.reporters.JUnitReportReporter -->
<testsuite hostname="Nik" failures="0" tests="1" name="testCases.TC001_AccountRegistrationTest" time="8.399" errors="0" timestamp="2025-04-07T11:41:24 IST" skipped="0">
  <testcase classname="testCases.TC001_AccountRegistrationTest" name="Verify_account_registration" time="8.399"/>
</testsuite> <!-- testCases.TC001_AccountRegistrationTest -->
