<?xml version="1.0" encoding="UTF-8"?>
<!-- Generated by org.testng.reporters.JUnitReportReporter -->
<testsuite hostname="Nik" failures="0" tests="1" name="testCases.TS002_AccountLoginTest" time="1.536" errors="0" timestamp="2025-04-07T11:41:24 IST" skipped="0">
  <testcase classname="testCases.TS002_AccountLoginTest" name="verify_login" time="1.536"/>
</testsuite> <!-- testCases.TS002_AccountLoginTest -->
